2025-04-13 17:53:53.955801 - Received CBT.V508.FILE257.PDS from FILE257.XMI 
2025-04-13 17:53:53.956869 - Found $$$#DATE.txt (text/plain) in CBT.V508.FILE257.PDS, moved to PDS/$$$#DATE
2025-04-13 17:53:53.956983 - Found $$$DOC.txt (text/plain) in CBT.V508.FILE257.PDS, moved to PDS/$$$DOC
2025-04-13 17:53:53.957101 - Found @FILE257.txt (text/plain) in CBT.V508.FILE257.PDS, moved to PDS/@FILE257
2025-04-13 17:53:53.957210 - Found HDP2230.txt (text/plain) in CBT.V508.FILE257.PDS, moved to PDS/HDP2230
2025-04-13 17:53:53.957317 - Found HDP2240.txt (text/plain) in CBT.V508.FILE257.PDS, moved to PDS/HDP2240
2025-04-13 17:53:53.957423 - Found HDQ1102.txt (text/plain) in CBT.V508.FILE257.PDS, moved to PDS/HDQ1102
2025-04-13 17:53:53.957526 - Found HDZ11C0.txt (text/plain) in CBT.V508.FILE257.PDS, moved to PDS/HDZ11C0
2025-04-13 17:53:53.957630 - Found JDZ1110.txt (text/plain) in CBT.V508.FILE257.PDS, moved to PDS/JDZ1110
2025-04-13 17:53:53.957737 - Found MVS38.txt (text/plain) in CBT.V508.FILE257.PDS, moved to PDS/MVS38
2025-04-13 17:53:53.957915 - Found MVS38HEW.xmi (application/xmit) in CBT.V508.FILE257.PDS, moved to PDS/MVS38HEW.xmi
2025-04-13 17:53:53.970529 - Received SBGOLOB.HEWL38.LINKLIB from MVS38HEW.xmi 
2025-04-13 17:53:53.971179 - Found alias HEWL to HEWLF064 in SBGOLOB.HEWL38.LINKLIB, moved to PDS/HEWL
2025-04-13 17:53:53.971384 - Found HEWLF064.bin (application/octet-stream) in SBGOLOB.HEWL38.LINKLIB, moved to MVS38HEW/HEWLF064
2025-04-13 17:53:53.971464 - Found alias IEWL to HEWLF064 in SBGOLOB.HEWL38.LINKLIB, moved to PDS/IEWL
2025-04-13 17:53:53.971513 - Found alias IEWLF128 to HEWLF064 in SBGOLOB.HEWL38.LINKLIB, moved to PDS/IEWLF128
2025-04-13 17:53:53.971558 - Found alias IEWLF440 to HEWLF064 in SBGOLOB.HEWL38.LINKLIB, moved to PDS/IEWLF440
2025-04-13 17:53:53.971600 - Found alias IEWLF880 to HEWLF064 in SBGOLOB.HEWL38.LINKLIB, moved to PDS/IEWLF880
2025-04-13 17:53:53.971646 - Found alias LINKEDIT to HEWLF064 in SBGOLOB.HEWL38.LINKLIB, moved to PDS/LINKEDIT
2025-04-13 17:53:53.971984 - Found MVT.txt (text/plain) in CBT.V508.FILE257.PDS, moved to PDS/MVT
2025-04-13 17:53:53.972136 - Found MVTIEWL.xmi (application/xmit) in CBT.V508.FILE257.PDS, moved to PDS/MVTIEWL.xmi
2025-04-13 17:53:53.983212 - Received SBGOLOB.HEWLMVT.LINKLIB from MVTIEWL.xmi 
2025-04-13 17:53:53.983566 - Found alias IEWL to IEWLF440 in SBGOLOB.HEWLMVT.LINKLIB, moved to PDS/IEWL
2025-04-13 17:53:53.983693 - Found IEWLF440.bin (application/octet-stream) in SBGOLOB.HEWLMVT.LINKLIB, moved to MVTIEWL/IEWLF440
2025-04-13 17:53:53.983747 - Found alias LINKEDIT to IEWLF440 in SBGOLOB.HEWLMVT.LINKLIB, moved to PDS/LINKEDIT
2025-04-13 17:53:53.983936 - Found RUNZAP.jcl (text/plain) in CBT.V508.FILE257.PDS, moved to PDS/RUNZAP
2025-04-13 17:53:53.984008 - Found RUNZAP1.jcl (text/plain) in CBT.V508.FILE257.PDS, moved to PDS/RUNZAP1
